Added Component: Designator=DS1(KING-WP154A4SUREQBFZGC_V)
Add component (AddParameter): Name = "3D Model"; Value = "WP154A4SUREQBFZGW.sldprt

WP154A4SUREQBFZGW.pro

WP154A4SUREQBFZGW.igs

WP154A4SUREQBFZGW.stp"; VariantName = "[No Variations]"
Add component (AddParameter): Name = "Category"; Value = "Optoelectronics"; VariantName = "[No Variations]"
Add component (AddParameter): Name = "Color"; Value = "Red,Green,Blue(RGB)"; VariantName = "[No Variations]"
Add component (AddParameter): Name = "Current - Test"; Value = "20mA"; VariantName = "[No Variations]"
Add component (AddParameter): Name = "Datasheet URL"; Value = "https://www.kingbrightusa.com/images/catalog/spec/WP154A4SUREQBFZGC.pdf"; VariantName = "[No Variations]"
Add component (AddParameter): Name = "Datasheet Version"; Value = "Rev. 5A, 08/2014"; VariantName = "[No Variations]"
Add component (AddParameter): Name = "Family"; Value = "LEDIndication-Discrete"; VariantName = "[No Variations]"
Add component (AddParameter): Name = "Height"; Value = "8.60mm"; VariantName = "[No Variations]"
Add component (AddParameter): Name = "Lens Style/Size"; Value = "RoundwithDomedTop,5mm,T-13/4"; VariantName = "[No Variations]"
Add component (AddParameter): Name = "Lens Type"; Value = "Clear"; VariantName = "[No Variations]"
Add component (AddParameter): Name = "Manufacturer"; Value = "Kingbright"; VariantName = "[No Variations]"
Add component (AddParameter): Name = "Manufacturer URL"; Value = "http://www.kingbright.com/"; VariantName = "[No Variations]"
Add component (AddParameter): Name = "Millicandela Rating"; Value = "1300mcdRed,1700mcdGreen,900mcdBlue"; VariantName = "[No Variations]"
Add component (AddParameter): Name = "Mounting Technology"; Value = "ThroughHole"; VariantName = "[No Variations]"
Add component (AddParameter): Name = "Mounting Type"; Value = "ThroughHole"; VariantName = "[No Variations]"
Add component (AddParameter): Name = "Online Catalog"; Value = "5mm,T-13/4(RGB)RoundwithDomedTopLEDLamp"; VariantName = "[No Variations]"
Add component (AddParameter): Name = "Other Names"; Value = "754-1615
WP154A4SUREQBFZGC-ND"; VariantName = "[No Variations]"
Add component (AddParameter): Name = "Package / Case"; Value = "Radial-4Leads"; VariantName = "[No Variations]"
Add component (AddParameter): Name = "Package Description"; Value = "4-Pin Through Hole LED, Dia 5.9 mm, Pitch 1.27 mm"; VariantName = "[No Variations]"
Add component (AddParameter): Name = "Package Reference"; Value = "WP154A4SUREQBFZGC"; VariantName = "[No Variations]"
Add component (AddParameter): Name = "Packaging"; Value = "Bulk"; VariantName = "[No Variations]"
Add component (AddParameter): Name = "Standard Package"; Value = "500"; VariantName = "[No Variations]"
Add component (AddParameter): Name = "Viewing Angle"; Value = "50°"; VariantName = "[No Variations]"
Add component (AddParameter): Name = "Voltage - Forward (Vf) (Typ)"; Value = "1.9VRed,3.3VGreen,3.3VBlue"; VariantName = "[No Variations]"
Add component (AddParameter): Name = "Wavelength - Dominant"; Value = "630nm,525nm,465nm"; VariantName = "[No Variations]"
Add component (AddParameter): Name = "Wavelength - Peak"; Value = "645nm,515nm,460nm"; VariantName = "[No Variations]"
Added Component: Designator=DS2(KING-WP154A4SUREQBFZGC_V)
Add component (AddParameter): Name = "3D Model"; Value = "WP154A4SUREQBFZGW.sldprt

WP154A4SUREQBFZGW.pro

WP154A4SUREQBFZGW.igs

WP154A4SUREQBFZGW.stp"; VariantName = "[No Variations]"
Add component (AddParameter): Name = "Category"; Value = "Optoelectronics"; VariantName = "[No Variations]"
Add component (AddParameter): Name = "Color"; Value = "Red,Green,Blue(RGB)"; VariantName = "[No Variations]"
Add component (AddParameter): Name = "Current - Test"; Value = "20mA"; VariantName = "[No Variations]"
Add component (AddParameter): Name = "Datasheet URL"; Value = "https://www.kingbrightusa.com/images/catalog/spec/WP154A4SUREQBFZGC.pdf"; VariantName = "[No Variations]"
Add component (AddParameter): Name = "Datasheet Version"; Value = "Rev. 5A, 08/2014"; VariantName = "[No Variations]"
Add component (AddParameter): Name = "Family"; Value = "LEDIndication-Discrete"; VariantName = "[No Variations]"
Add component (AddParameter): Name = "Height"; Value = "8.60mm"; VariantName = "[No Variations]"
Add component (AddParameter): Name = "Lens Style/Size"; Value = "RoundwithDomedTop,5mm,T-13/4"; VariantName = "[No Variations]"
Add component (AddParameter): Name = "Lens Type"; Value = "Clear"; VariantName = "[No Variations]"
Add component (AddParameter): Name = "Manufacturer"; Value = "Kingbright"; VariantName = "[No Variations]"
Add component (AddParameter): Name = "Manufacturer URL"; Value = "http://www.kingbright.com/"; VariantName = "[No Variations]"
Add component (AddParameter): Name = "Millicandela Rating"; Value = "1300mcdRed,1700mcdGreen,900mcdBlue"; VariantName = "[No Variations]"
Add component (AddParameter): Name = "Mounting Technology"; Value = "ThroughHole"; VariantName = "[No Variations]"
Add component (AddParameter): Name = "Mounting Type"; Value = "ThroughHole"; VariantName = "[No Variations]"
Add component (AddParameter): Name = "Online Catalog"; Value = "5mm,T-13/4(RGB)RoundwithDomedTopLEDLamp"; VariantName = "[No Variations]"
Add component (AddParameter): Name = "Other Names"; Value = "754-1615
WP154A4SUREQBFZGC-ND"; VariantName = "[No Variations]"
Add component (AddParameter): Name = "Package / Case"; Value = "Radial-4Leads"; VariantName = "[No Variations]"
Add component (AddParameter): Name = "Package Description"; Value = "4-Pin Through Hole LED, Dia 5.9 mm, Pitch 1.27 mm"; VariantName = "[No Variations]"
Add component (AddParameter): Name = "Package Reference"; Value = "WP154A4SUREQBFZGC"; VariantName = "[No Variations]"
Add component (AddParameter): Name = "Packaging"; Value = "Bulk"; VariantName = "[No Variations]"
Add component (AddParameter): Name = "Standard Package"; Value = "500"; VariantName = "[No Variations]"
Add component (AddParameter): Name = "Viewing Angle"; Value = "50°"; VariantName = "[No Variations]"
Add component (AddParameter): Name = "Voltage - Forward (Vf) (Typ)"; Value = "1.9VRed,3.3VGreen,3.3VBlue"; VariantName = "[No Variations]"
Add component (AddParameter): Name = "Wavelength - Dominant"; Value = "630nm,525nm,465nm"; VariantName = "[No Variations]"
Add component (AddParameter): Name = "Wavelength - Peak"; Value = "645nm,515nm,460nm"; VariantName = "[No Variations]"
Added Component: Designator=DS3(KING-WP154A4SUREQBFZGC_V)
Add component (AddParameter): Name = "3D Model"; Value = "WP154A4SUREQBFZGW.sldprt

WP154A4SUREQBFZGW.pro

WP154A4SUREQBFZGW.igs

WP154A4SUREQBFZGW.stp"; VariantName = "[No Variations]"
Add component (AddParameter): Name = "Category"; Value = "Optoelectronics"; VariantName = "[No Variations]"
Add component (AddParameter): Name = "Color"; Value = "Red,Green,Blue(RGB)"; VariantName = "[No Variations]"
Add component (AddParameter): Name = "Current - Test"; Value = "20mA"; VariantName = "[No Variations]"
Add component (AddParameter): Name = "Datasheet URL"; Value = "https://www.kingbrightusa.com/images/catalog/spec/WP154A4SUREQBFZGC.pdf"; VariantName = "[No Variations]"
Add component (AddParameter): Name = "Datasheet Version"; Value = "Rev. 5A, 08/2014"; VariantName = "[No Variations]"
Add component (AddParameter): Name = "Family"; Value = "LEDIndication-Discrete"; VariantName = "[No Variations]"
Add component (AddParameter): Name = "Height"; Value = "8.60mm"; VariantName = "[No Variations]"
Add component (AddParameter): Name = "Lens Style/Size"; Value = "RoundwithDomedTop,5mm,T-13/4"; VariantName = "[No Variations]"
Add component (AddParameter): Name = "Lens Type"; Value = "Clear"; VariantName = "[No Variations]"
Add component (AddParameter): Name = "Manufacturer"; Value = "Kingbright"; VariantName = "[No Variations]"
Add component (AddParameter): Name = "Manufacturer URL"; Value = "http://www.kingbright.com/"; VariantName = "[No Variations]"
Add component (AddParameter): Name = "Millicandela Rating"; Value = "1300mcdRed,1700mcdGreen,900mcdBlue"; VariantName = "[No Variations]"
Add component (AddParameter): Name = "Mounting Technology"; Value = "ThroughHole"; VariantName = "[No Variations]"
Add component (AddParameter): Name = "Mounting Type"; Value = "ThroughHole"; VariantName = "[No Variations]"
Add component (AddParameter): Name = "Online Catalog"; Value = "5mm,T-13/4(RGB)RoundwithDomedTopLEDLamp"; VariantName = "[No Variations]"
Add component (AddParameter): Name = "Other Names"; Value = "754-1615
WP154A4SUREQBFZGC-ND"; VariantName = "[No Variations]"
Add component (AddParameter): Name = "Package / Case"; Value = "Radial-4Leads"; VariantName = "[No Variations]"
Add component (AddParameter): Name = "Package Description"; Value = "4-Pin Through Hole LED, Dia 5.9 mm, Pitch 1.27 mm"; VariantName = "[No Variations]"
Add component (AddParameter): Name = "Package Reference"; Value = "WP154A4SUREQBFZGC"; VariantName = "[No Variations]"
Add component (AddParameter): Name = "Packaging"; Value = "Bulk"; VariantName = "[No Variations]"
Add component (AddParameter): Name = "Standard Package"; Value = "500"; VariantName = "[No Variations]"
Add component (AddParameter): Name = "Viewing Angle"; Value = "50°"; VariantName = "[No Variations]"
Add component (AddParameter): Name = "Voltage - Forward (Vf) (Typ)"; Value = "1.9VRed,3.3VGreen,3.3VBlue"; VariantName = "[No Variations]"
Add component (AddParameter): Name = "Wavelength - Dominant"; Value = "630nm,525nm,465nm"; VariantName = "[No Variations]"
Add component (AddParameter): Name = "Wavelength - Peak"; Value = "645nm,515nm,460nm"; VariantName = "[No Variations]"
Added Component: Designator=DS4(KING-WP154A4SUREQBFZGC_V)
Add component (AddParameter): Name = "3D Model"; Value = "WP154A4SUREQBFZGW.sldprt

WP154A4SUREQBFZGW.pro

WP154A4SUREQBFZGW.igs

WP154A4SUREQBFZGW.stp"; VariantName = "[No Variations]"
Add component (AddParameter): Name = "Category"; Value = "Optoelectronics"; VariantName = "[No Variations]"
Add component (AddParameter): Name = "Color"; Value = "Red,Green,Blue(RGB)"; VariantName = "[No Variations]"
Add component (AddParameter): Name = "Current - Test"; Value = "20mA"; VariantName = "[No Variations]"
Add component (AddParameter): Name = "Datasheet URL"; Value = "https://www.kingbrightusa.com/images/catalog/spec/WP154A4SUREQBFZGC.pdf"; VariantName = "[No Variations]"
Add component (AddParameter): Name = "Datasheet Version"; Value = "Rev. 5A, 08/2014"; VariantName = "[No Variations]"
Add component (AddParameter): Name = "Family"; Value = "LEDIndication-Discrete"; VariantName = "[No Variations]"
Add component (AddParameter): Name = "Height"; Value = "8.60mm"; VariantName = "[No Variations]"
Add component (AddParameter): Name = "Lens Style/Size"; Value = "RoundwithDomedTop,5mm,T-13/4"; VariantName = "[No Variations]"
Add component (AddParameter): Name = "Lens Type"; Value = "Clear"; VariantName = "[No Variations]"
Add component (AddParameter): Name = "Manufacturer"; Value = "Kingbright"; VariantName = "[No Variations]"
Add component (AddParameter): Name = "Manufacturer URL"; Value = "http://www.kingbright.com/"; VariantName = "[No Variations]"
Add component (AddParameter): Name = "Millicandela Rating"; Value = "1300mcdRed,1700mcdGreen,900mcdBlue"; VariantName = "[No Variations]"
Add component (AddParameter): Name = "Mounting Technology"; Value = "ThroughHole"; VariantName = "[No Variations]"
Add component (AddParameter): Name = "Mounting Type"; Value = "ThroughHole"; VariantName = "[No Variations]"
Add component (AddParameter): Name = "Online Catalog"; Value = "5mm,T-13/4(RGB)RoundwithDomedTopLEDLamp"; VariantName = "[No Variations]"
Add component (AddParameter): Name = "Other Names"; Value = "754-1615
WP154A4SUREQBFZGC-ND"; VariantName = "[No Variations]"
Add component (AddParameter): Name = "Package / Case"; Value = "Radial-4Leads"; VariantName = "[No Variations]"
Add component (AddParameter): Name = "Package Description"; Value = "4-Pin Through Hole LED, Dia 5.9 mm, Pitch 1.27 mm"; VariantName = "[No Variations]"
Add component (AddParameter): Name = "Package Reference"; Value = "WP154A4SUREQBFZGC"; VariantName = "[No Variations]"
Add component (AddParameter): Name = "Packaging"; Value = "Bulk"; VariantName = "[No Variations]"
Add component (AddParameter): Name = "Standard Package"; Value = "500"; VariantName = "[No Variations]"
Add component (AddParameter): Name = "Viewing Angle"; Value = "50°"; VariantName = "[No Variations]"
Add component (AddParameter): Name = "Voltage - Forward (Vf) (Typ)"; Value = "1.9VRed,3.3VGreen,3.3VBlue"; VariantName = "[No Variations]"
Add component (AddParameter): Name = "Wavelength - Dominant"; Value = "630nm,525nm,465nm"; VariantName = "[No Variations]"
Add component (AddParameter): Name = "Wavelength - Peak"; Value = "645nm,515nm,460nm"; VariantName = "[No Variations]"
Added Component: Designator=DS5(KING-WP154A4SUREQBFZGC_V)
Add component (AddParameter): Name = "3D Model"; Value = "WP154A4SUREQBFZGW.sldprt

WP154A4SUREQBFZGW.pro

WP154A4SUREQBFZGW.igs

WP154A4SUREQBFZGW.stp"; VariantName = "[No Variations]"
Add component (AddParameter): Name = "Category"; Value = "Optoelectronics"; VariantName = "[No Variations]"
Add component (AddParameter): Name = "Color"; Value = "Red,Green,Blue(RGB)"; VariantName = "[No Variations]"
Add component (AddParameter): Name = "Current - Test"; Value = "20mA"; VariantName = "[No Variations]"
Add component (AddParameter): Name = "Datasheet URL"; Value = "https://www.kingbrightusa.com/images/catalog/spec/WP154A4SUREQBFZGC.pdf"; VariantName = "[No Variations]"
Add component (AddParameter): Name = "Datasheet Version"; Value = "Rev. 5A, 08/2014"; VariantName = "[No Variations]"
Add component (AddParameter): Name = "Family"; Value = "LEDIndication-Discrete"; VariantName = "[No Variations]"
Add component (AddParameter): Name = "Height"; Value = "8.60mm"; VariantName = "[No Variations]"
Add component (AddParameter): Name = "Lens Style/Size"; Value = "RoundwithDomedTop,5mm,T-13/4"; VariantName = "[No Variations]"
Add component (AddParameter): Name = "Lens Type"; Value = "Clear"; VariantName = "[No Variations]"
Add component (AddParameter): Name = "Manufacturer"; Value = "Kingbright"; VariantName = "[No Variations]"
Add component (AddParameter): Name = "Manufacturer URL"; Value = "http://www.kingbright.com/"; VariantName = "[No Variations]"
Add component (AddParameter): Name = "Millicandela Rating"; Value = "1300mcdRed,1700mcdGreen,900mcdBlue"; VariantName = "[No Variations]"
Add component (AddParameter): Name = "Mounting Technology"; Value = "ThroughHole"; VariantName = "[No Variations]"
Add component (AddParameter): Name = "Mounting Type"; Value = "ThroughHole"; VariantName = "[No Variations]"
Add component (AddParameter): Name = "Online Catalog"; Value = "5mm,T-13/4(RGB)RoundwithDomedTopLEDLamp"; VariantName = "[No Variations]"
Add component (AddParameter): Name = "Other Names"; Value = "754-1615
WP154A4SUREQBFZGC-ND"; VariantName = "[No Variations]"
Add component (AddParameter): Name = "Package / Case"; Value = "Radial-4Leads"; VariantName = "[No Variations]"
Add component (AddParameter): Name = "Package Description"; Value = "4-Pin Through Hole LED, Dia 5.9 mm, Pitch 1.27 mm"; VariantName = "[No Variations]"
Add component (AddParameter): Name = "Package Reference"; Value = "WP154A4SUREQBFZGC"; VariantName = "[No Variations]"
Add component (AddParameter): Name = "Packaging"; Value = "Bulk"; VariantName = "[No Variations]"
Add component (AddParameter): Name = "Standard Package"; Value = "500"; VariantName = "[No Variations]"
Add component (AddParameter): Name = "Viewing Angle"; Value = "50°"; VariantName = "[No Variations]"
Add component (AddParameter): Name = "Voltage - Forward (Vf) (Typ)"; Value = "1.9VRed,3.3VGreen,3.3VBlue"; VariantName = "[No Variations]"
Add component (AddParameter): Name = "Wavelength - Dominant"; Value = "630nm,525nm,465nm"; VariantName = "[No Variations]"
Add component (AddParameter): Name = "Wavelength - Peak"; Value = "645nm,515nm,460nm"; VariantName = "[No Variations]"
Added Component: Designator=DS6(KING-WP154A4SUREQBFZGC_V)
Add component (AddParameter): Name = "3D Model"; Value = "WP154A4SUREQBFZGW.sldprt

WP154A4SUREQBFZGW.pro

WP154A4SUREQBFZGW.igs

WP154A4SUREQBFZGW.stp"; VariantName = "[No Variations]"
Add component (AddParameter): Name = "Category"; Value = "Optoelectronics"; VariantName = "[No Variations]"
Add component (AddParameter): Name = "Color"; Value = "Red,Green,Blue(RGB)"; VariantName = "[No Variations]"
Add component (AddParameter): Name = "Current - Test"; Value = "20mA"; VariantName = "[No Variations]"
Add component (AddParameter): Name = "Datasheet URL"; Value = "https://www.kingbrightusa.com/images/catalog/spec/WP154A4SUREQBFZGC.pdf"; VariantName = "[No Variations]"
Add component (AddParameter): Name = "Datasheet Version"; Value = "Rev. 5A, 08/2014"; VariantName = "[No Variations]"
Add component (AddParameter): Name = "Family"; Value = "LEDIndication-Discrete"; VariantName = "[No Variations]"
Add component (AddParameter): Name = "Height"; Value = "8.60mm"; VariantName = "[No Variations]"
Add component (AddParameter): Name = "Lens Style/Size"; Value = "RoundwithDomedTop,5mm,T-13/4"; VariantName = "[No Variations]"
Add component (AddParameter): Name = "Lens Type"; Value = "Clear"; VariantName = "[No Variations]"
Add component (AddParameter): Name = "Manufacturer"; Value = "Kingbright"; VariantName = "[No Variations]"
Add component (AddParameter): Name = "Manufacturer URL"; Value = "http://www.kingbright.com/"; VariantName = "[No Variations]"
Add component (AddParameter): Name = "Millicandela Rating"; Value = "1300mcdRed,1700mcdGreen,900mcdBlue"; VariantName = "[No Variations]"
Add component (AddParameter): Name = "Mounting Technology"; Value = "ThroughHole"; VariantName = "[No Variations]"
Add component (AddParameter): Name = "Mounting Type"; Value = "ThroughHole"; VariantName = "[No Variations]"
Add component (AddParameter): Name = "Online Catalog"; Value = "5mm,T-13/4(RGB)RoundwithDomedTopLEDLamp"; VariantName = "[No Variations]"
Add component (AddParameter): Name = "Other Names"; Value = "754-1615
WP154A4SUREQBFZGC-ND"; VariantName = "[No Variations]"
Add component (AddParameter): Name = "Package / Case"; Value = "Radial-4Leads"; VariantName = "[No Variations]"
Add component (AddParameter): Name = "Package Description"; Value = "4-Pin Through Hole LED, Dia 5.9 mm, Pitch 1.27 mm"; VariantName = "[No Variations]"
Add component (AddParameter): Name = "Package Reference"; Value = "WP154A4SUREQBFZGC"; VariantName = "[No Variations]"
Add component (AddParameter): Name = "Packaging"; Value = "Bulk"; VariantName = "[No Variations]"
Add component (AddParameter): Name = "Standard Package"; Value = "500"; VariantName = "[No Variations]"
Add component (AddParameter): Name = "Viewing Angle"; Value = "50°"; VariantName = "[No Variations]"
Add component (AddParameter): Name = "Voltage - Forward (Vf) (Typ)"; Value = "1.9VRed,3.3VGreen,3.3VBlue"; VariantName = "[No Variations]"
Add component (AddParameter): Name = "Wavelength - Dominant"; Value = "630nm,525nm,465nm"; VariantName = "[No Variations]"
Add component (AddParameter): Name = "Wavelength - Peak"; Value = "645nm,515nm,460nm"; VariantName = "[No Variations]"
Added Component: Designator=DS7(KING-WP154A4SUREQBFZGC_V)
Add component (AddParameter): Name = "3D Model"; Value = "WP154A4SUREQBFZGW.sldprt

WP154A4SUREQBFZGW.pro

WP154A4SUREQBFZGW.igs

WP154A4SUREQBFZGW.stp"; VariantName = "[No Variations]"
Add component (AddParameter): Name = "Category"; Value = "Optoelectronics"; VariantName = "[No Variations]"
Add component (AddParameter): Name = "Color"; Value = "Red,Green,Blue(RGB)"; VariantName = "[No Variations]"
Add component (AddParameter): Name = "Current - Test"; Value = "20mA"; VariantName = "[No Variations]"
Add component (AddParameter): Name = "Datasheet URL"; Value = "https://www.kingbrightusa.com/images/catalog/spec/WP154A4SUREQBFZGC.pdf"; VariantName = "[No Variations]"
Add component (AddParameter): Name = "Datasheet Version"; Value = "Rev. 5A, 08/2014"; VariantName = "[No Variations]"
Add component (AddParameter): Name = "Family"; Value = "LEDIndication-Discrete"; VariantName = "[No Variations]"
Add component (AddParameter): Name = "Height"; Value = "8.60mm"; VariantName = "[No Variations]"
Add component (AddParameter): Name = "Lens Style/Size"; Value = "RoundwithDomedTop,5mm,T-13/4"; VariantName = "[No Variations]"
Add component (AddParameter): Name = "Lens Type"; Value = "Clear"; VariantName = "[No Variations]"
Add component (AddParameter): Name = "Manufacturer"; Value = "Kingbright"; VariantName = "[No Variations]"
Add component (AddParameter): Name = "Manufacturer URL"; Value = "http://www.kingbright.com/"; VariantName = "[No Variations]"
Add component (AddParameter): Name = "Millicandela Rating"; Value = "1300mcdRed,1700mcdGreen,900mcdBlue"; VariantName = "[No Variations]"
Add component (AddParameter): Name = "Mounting Technology"; Value = "ThroughHole"; VariantName = "[No Variations]"
Add component (AddParameter): Name = "Mounting Type"; Value = "ThroughHole"; VariantName = "[No Variations]"
Add component (AddParameter): Name = "Online Catalog"; Value = "5mm,T-13/4(RGB)RoundwithDomedTopLEDLamp"; VariantName = "[No Variations]"
Add component (AddParameter): Name = "Other Names"; Value = "754-1615
WP154A4SUREQBFZGC-ND"; VariantName = "[No Variations]"
Add component (AddParameter): Name = "Package / Case"; Value = "Radial-4Leads"; VariantName = "[No Variations]"
Add component (AddParameter): Name = "Package Description"; Value = "4-Pin Through Hole LED, Dia 5.9 mm, Pitch 1.27 mm"; VariantName = "[No Variations]"
Add component (AddParameter): Name = "Package Reference"; Value = "WP154A4SUREQBFZGC"; VariantName = "[No Variations]"
Add component (AddParameter): Name = "Packaging"; Value = "Bulk"; VariantName = "[No Variations]"
Add component (AddParameter): Name = "Standard Package"; Value = "500"; VariantName = "[No Variations]"
Add component (AddParameter): Name = "Viewing Angle"; Value = "50°"; VariantName = "[No Variations]"
Add component (AddParameter): Name = "Voltage - Forward (Vf) (Typ)"; Value = "1.9VRed,3.3VGreen,3.3VBlue"; VariantName = "[No Variations]"
Add component (AddParameter): Name = "Wavelength - Dominant"; Value = "630nm,525nm,465nm"; VariantName = "[No Variations]"
Add component (AddParameter): Name = "Wavelength - Peak"; Value = "645nm,515nm,460nm"; VariantName = "[No Variations]"
Added Component: Designator=DS8(KING-WP154A4SUREQBFZGC_V)
Add component (AddParameter): Name = "3D Model"; Value = "WP154A4SUREQBFZGW.sldprt

WP154A4SUREQBFZGW.pro

WP154A4SUREQBFZGW.igs

WP154A4SUREQBFZGW.stp"; VariantName = "[No Variations]"
Add component (AddParameter): Name = "Category"; Value = "Optoelectronics"; VariantName = "[No Variations]"
Add component (AddParameter): Name = "Color"; Value = "Red,Green,Blue(RGB)"; VariantName = "[No Variations]"
Add component (AddParameter): Name = "Current - Test"; Value = "20mA"; VariantName = "[No Variations]"
Add component (AddParameter): Name = "Datasheet URL"; Value = "https://www.kingbrightusa.com/images/catalog/spec/WP154A4SUREQBFZGC.pdf"; VariantName = "[No Variations]"
Add component (AddParameter): Name = "Datasheet Version"; Value = "Rev. 5A, 08/2014"; VariantName = "[No Variations]"
Add component (AddParameter): Name = "Family"; Value = "LEDIndication-Discrete"; VariantName = "[No Variations]"
Add component (AddParameter): Name = "Height"; Value = "8.60mm"; VariantName = "[No Variations]"
Add component (AddParameter): Name = "Lens Style/Size"; Value = "RoundwithDomedTop,5mm,T-13/4"; VariantName = "[No Variations]"
Add component (AddParameter): Name = "Lens Type"; Value = "Clear"; VariantName = "[No Variations]"
Add component (AddParameter): Name = "Manufacturer"; Value = "Kingbright"; VariantName = "[No Variations]"
Add component (AddParameter): Name = "Manufacturer URL"; Value = "http://www.kingbright.com/"; VariantName = "[No Variations]"
Add component (AddParameter): Name = "Millicandela Rating"; Value = "1300mcdRed,1700mcdGreen,900mcdBlue"; VariantName = "[No Variations]"
Add component (AddParameter): Name = "Mounting Technology"; Value = "ThroughHole"; VariantName = "[No Variations]"
Add component (AddParameter): Name = "Mounting Type"; Value = "ThroughHole"; VariantName = "[No Variations]"
Add component (AddParameter): Name = "Online Catalog"; Value = "5mm,T-13/4(RGB)RoundwithDomedTopLEDLamp"; VariantName = "[No Variations]"
Add component (AddParameter): Name = "Other Names"; Value = "754-1615
WP154A4SUREQBFZGC-ND"; VariantName = "[No Variations]"
Add component (AddParameter): Name = "Package / Case"; Value = "Radial-4Leads"; VariantName = "[No Variations]"
Add component (AddParameter): Name = "Package Description"; Value = "4-Pin Through Hole LED, Dia 5.9 mm, Pitch 1.27 mm"; VariantName = "[No Variations]"
Add component (AddParameter): Name = "Package Reference"; Value = "WP154A4SUREQBFZGC"; VariantName = "[No Variations]"
Add component (AddParameter): Name = "Packaging"; Value = "Bulk"; VariantName = "[No Variations]"
Add component (AddParameter): Name = "Standard Package"; Value = "500"; VariantName = "[No Variations]"
Add component (AddParameter): Name = "Viewing Angle"; Value = "50°"; VariantName = "[No Variations]"
Add component (AddParameter): Name = "Voltage - Forward (Vf) (Typ)"; Value = "1.9VRed,3.3VGreen,3.3VBlue"; VariantName = "[No Variations]"
Add component (AddParameter): Name = "Wavelength - Dominant"; Value = "630nm,525nm,465nm"; VariantName = "[No Variations]"
Add component (AddParameter): Name = "Wavelength - Peak"; Value = "645nm,515nm,460nm"; VariantName = "[No Variations]"
Added Component: Designator=DS9(KING-WP154A4SUREQBFZGC_V)
Add component (AddParameter): Name = "3D Model"; Value = "WP154A4SUREQBFZGW.sldprt

WP154A4SUREQBFZGW.pro

WP154A4SUREQBFZGW.igs

WP154A4SUREQBFZGW.stp"; VariantName = "[No Variations]"
Add component (AddParameter): Name = "Category"; Value = "Optoelectronics"; VariantName = "[No Variations]"
Add component (AddParameter): Name = "Color"; Value = "Red,Green,Blue(RGB)"; VariantName = "[No Variations]"
Add component (AddParameter): Name = "Current - Test"; Value = "20mA"; VariantName = "[No Variations]"
Add component (AddParameter): Name = "Datasheet URL"; Value = "https://www.kingbrightusa.com/images/catalog/spec/WP154A4SUREQBFZGC.pdf"; VariantName = "[No Variations]"
Add component (AddParameter): Name = "Datasheet Version"; Value = "Rev. 5A, 08/2014"; VariantName = "[No Variations]"
Add component (AddParameter): Name = "Family"; Value = "LEDIndication-Discrete"; VariantName = "[No Variations]"
Add component (AddParameter): Name = "Height"; Value = "8.60mm"; VariantName = "[No Variations]"
Add component (AddParameter): Name = "Lens Style/Size"; Value = "RoundwithDomedTop,5mm,T-13/4"; VariantName = "[No Variations]"
Add component (AddParameter): Name = "Lens Type"; Value = "Clear"; VariantName = "[No Variations]"
Add component (AddParameter): Name = "Manufacturer"; Value = "Kingbright"; VariantName = "[No Variations]"
Add component (AddParameter): Name = "Manufacturer URL"; Value = "http://www.kingbright.com/"; VariantName = "[No Variations]"
Add component (AddParameter): Name = "Millicandela Rating"; Value = "1300mcdRed,1700mcdGreen,900mcdBlue"; VariantName = "[No Variations]"
Add component (AddParameter): Name = "Mounting Technology"; Value = "ThroughHole"; VariantName = "[No Variations]"
Add component (AddParameter): Name = "Mounting Type"; Value = "ThroughHole"; VariantName = "[No Variations]"
Add component (AddParameter): Name = "Online Catalog"; Value = "5mm,T-13/4(RGB)RoundwithDomedTopLEDLamp"; VariantName = "[No Variations]"
Add component (AddParameter): Name = "Other Names"; Value = "754-1615
WP154A4SUREQBFZGC-ND"; VariantName = "[No Variations]"
Add component (AddParameter): Name = "Package / Case"; Value = "Radial-4Leads"; VariantName = "[No Variations]"
Add component (AddParameter): Name = "Package Description"; Value = "4-Pin Through Hole LED, Dia 5.9 mm, Pitch 1.27 mm"; VariantName = "[No Variations]"
Add component (AddParameter): Name = "Package Reference"; Value = "WP154A4SUREQBFZGC"; VariantName = "[No Variations]"
Add component (AddParameter): Name = "Packaging"; Value = "Bulk"; VariantName = "[No Variations]"
Add component (AddParameter): Name = "Standard Package"; Value = "500"; VariantName = "[No Variations]"
Add component (AddParameter): Name = "Viewing Angle"; Value = "50°"; VariantName = "[No Variations]"
Add component (AddParameter): Name = "Voltage - Forward (Vf) (Typ)"; Value = "1.9VRed,3.3VGreen,3.3VBlue"; VariantName = "[No Variations]"
Add component (AddParameter): Name = "Wavelength - Dominant"; Value = "630nm,525nm,465nm"; VariantName = "[No Variations]"
Add component (AddParameter): Name = "Wavelength - Peak"; Value = "645nm,515nm,460nm"; VariantName = "[No Variations]"
Added Component: Designator=DS10(KING-WP154A4SUREQBFZGC_V)
Add component (AddParameter): Name = "3D Model"; Value = "WP154A4SUREQBFZGW.sldprt

WP154A4SUREQBFZGW.pro

WP154A4SUREQBFZGW.igs

WP154A4SUREQBFZGW.stp"; VariantName = "[No Variations]"
Add component (AddParameter): Name = "Category"; Value = "Optoelectronics"; VariantName = "[No Variations]"
Add component (AddParameter): Name = "Color"; Value = "Red,Green,Blue(RGB)"; VariantName = "[No Variations]"
Add component (AddParameter): Name = "Current - Test"; Value = "20mA"; VariantName = "[No Variations]"
Add component (AddParameter): Name = "Datasheet URL"; Value = "https://www.kingbrightusa.com/images/catalog/spec/WP154A4SUREQBFZGC.pdf"; VariantName = "[No Variations]"
Add component (AddParameter): Name = "Datasheet Version"; Value = "Rev. 5A, 08/2014"; VariantName = "[No Variations]"
Add component (AddParameter): Name = "Family"; Value = "LEDIndication-Discrete"; VariantName = "[No Variations]"
Add component (AddParameter): Name = "Height"; Value = "8.60mm"; VariantName = "[No Variations]"
Add component (AddParameter): Name = "Lens Style/Size"; Value = "RoundwithDomedTop,5mm,T-13/4"; VariantName = "[No Variations]"
Add component (AddParameter): Name = "Lens Type"; Value = "Clear"; VariantName = "[No Variations]"
Add component (AddParameter): Name = "Manufacturer"; Value = "Kingbright"; VariantName = "[No Variations]"
Add component (AddParameter): Name = "Manufacturer URL"; Value = "http://www.kingbright.com/"; VariantName = "[No Variations]"
Add component (AddParameter): Name = "Millicandela Rating"; Value = "1300mcdRed,1700mcdGreen,900mcdBlue"; VariantName = "[No Variations]"
Add component (AddParameter): Name = "Mounting Technology"; Value = "ThroughHole"; VariantName = "[No Variations]"
Add component (AddParameter): Name = "Mounting Type"; Value = "ThroughHole"; VariantName = "[No Variations]"
Add component (AddParameter): Name = "Online Catalog"; Value = "5mm,T-13/4(RGB)RoundwithDomedTopLEDLamp"; VariantName = "[No Variations]"
Add component (AddParameter): Name = "Other Names"; Value = "754-1615
WP154A4SUREQBFZGC-ND"; VariantName = "[No Variations]"
Add component (AddParameter): Name = "Package / Case"; Value = "Radial-4Leads"; VariantName = "[No Variations]"
Add component (AddParameter): Name = "Package Description"; Value = "4-Pin Through Hole LED, Dia 5.9 mm, Pitch 1.27 mm"; VariantName = "[No Variations]"
Add component (AddParameter): Name = "Package Reference"; Value = "WP154A4SUREQBFZGC"; VariantName = "[No Variations]"
Add component (AddParameter): Name = "Packaging"; Value = "Bulk"; VariantName = "[No Variations]"
Add component (AddParameter): Name = "Standard Package"; Value = "500"; VariantName = "[No Variations]"
Add component (AddParameter): Name = "Viewing Angle"; Value = "50°"; VariantName = "[No Variations]"
Add component (AddParameter): Name = "Voltage - Forward (Vf) (Typ)"; Value = "1.9VRed,3.3VGreen,3.3VBlue"; VariantName = "[No Variations]"
Add component (AddParameter): Name = "Wavelength - Dominant"; Value = "630nm,525nm,465nm"; VariantName = "[No Variations]"
Add component (AddParameter): Name = "Wavelength - Peak"; Value = "645nm,515nm,460nm"; VariantName = "[No Variations]"
Added Component: Designator=DS11(KING-WP154A4SUREQBFZGC_V)
Add component (AddParameter): Name = "3D Model"; Value = "WP154A4SUREQBFZGW.sldprt

WP154A4SUREQBFZGW.pro

WP154A4SUREQBFZGW.igs

WP154A4SUREQBFZGW.stp"; VariantName = "[No Variations]"
Add component (AddParameter): Name = "Category"; Value = "Optoelectronics"; VariantName = "[No Variations]"
Add component (AddParameter): Name = "Color"; Value = "Red,Green,Blue(RGB)"; VariantName = "[No Variations]"
Add component (AddParameter): Name = "Current - Test"; Value = "20mA"; VariantName = "[No Variations]"
Add component (AddParameter): Name = "Datasheet URL"; Value = "https://www.kingbrightusa.com/images/catalog/spec/WP154A4SUREQBFZGC.pdf"; VariantName = "[No Variations]"
Add component (AddParameter): Name = "Datasheet Version"; Value = "Rev. 5A, 08/2014"; VariantName = "[No Variations]"
Add component (AddParameter): Name = "Family"; Value = "LEDIndication-Discrete"; VariantName = "[No Variations]"
Add component (AddParameter): Name = "Height"; Value = "8.60mm"; VariantName = "[No Variations]"
Add component (AddParameter): Name = "Lens Style/Size"; Value = "RoundwithDomedTop,5mm,T-13/4"; VariantName = "[No Variations]"
Add component (AddParameter): Name = "Lens Type"; Value = "Clear"; VariantName = "[No Variations]"
Add component (AddParameter): Name = "Manufacturer"; Value = "Kingbright"; VariantName = "[No Variations]"
Add component (AddParameter): Name = "Manufacturer URL"; Value = "http://www.kingbright.com/"; VariantName = "[No Variations]"
Add component (AddParameter): Name = "Millicandela Rating"; Value = "1300mcdRed,1700mcdGreen,900mcdBlue"; VariantName = "[No Variations]"
Add component (AddParameter): Name = "Mounting Technology"; Value = "ThroughHole"; VariantName = "[No Variations]"
Add component (AddParameter): Name = "Mounting Type"; Value = "ThroughHole"; VariantName = "[No Variations]"
Add component (AddParameter): Name = "Online Catalog"; Value = "5mm,T-13/4(RGB)RoundwithDomedTopLEDLamp"; VariantName = "[No Variations]"
Add component (AddParameter): Name = "Other Names"; Value = "754-1615
WP154A4SUREQBFZGC-ND"; VariantName = "[No Variations]"
Add component (AddParameter): Name = "Package / Case"; Value = "Radial-4Leads"; VariantName = "[No Variations]"
Add component (AddParameter): Name = "Package Description"; Value = "4-Pin Through Hole LED, Dia 5.9 mm, Pitch 1.27 mm"; VariantName = "[No Variations]"
Add component (AddParameter): Name = "Package Reference"; Value = "WP154A4SUREQBFZGC"; VariantName = "[No Variations]"
Add component (AddParameter): Name = "Packaging"; Value = "Bulk"; VariantName = "[No Variations]"
Add component (AddParameter): Name = "Standard Package"; Value = "500"; VariantName = "[No Variations]"
Add component (AddParameter): Name = "Viewing Angle"; Value = "50°"; VariantName = "[No Variations]"
Add component (AddParameter): Name = "Voltage - Forward (Vf) (Typ)"; Value = "1.9VRed,3.3VGreen,3.3VBlue"; VariantName = "[No Variations]"
Add component (AddParameter): Name = "Wavelength - Dominant"; Value = "630nm,525nm,465nm"; VariantName = "[No Variations]"
Add component (AddParameter): Name = "Wavelength - Peak"; Value = "645nm,515nm,460nm"; VariantName = "[No Variations]"
Added Component: Designator=DS12(KING-WP154A4SUREQBFZGC_V)
Add component (AddParameter): Name = "3D Model"; Value = "WP154A4SUREQBFZGW.sldprt

WP154A4SUREQBFZGW.pro

WP154A4SUREQBFZGW.igs

WP154A4SUREQBFZGW.stp"; VariantName = "[No Variations]"
Add component (AddParameter): Name = "Category"; Value = "Optoelectronics"; VariantName = "[No Variations]"
Add component (AddParameter): Name = "Color"; Value = "Red,Green,Blue(RGB)"; VariantName = "[No Variations]"
Add component (AddParameter): Name = "Current - Test"; Value = "20mA"; VariantName = "[No Variations]"
Add component (AddParameter): Name = "Datasheet URL"; Value = "https://www.kingbrightusa.com/images/catalog/spec/WP154A4SUREQBFZGC.pdf"; VariantName = "[No Variations]"
Add component (AddParameter): Name = "Datasheet Version"; Value = "Rev. 5A, 08/2014"; VariantName = "[No Variations]"
Add component (AddParameter): Name = "Family"; Value = "LEDIndication-Discrete"; VariantName = "[No Variations]"
Add component (AddParameter): Name = "Height"; Value = "8.60mm"; VariantName = "[No Variations]"
Add component (AddParameter): Name = "Lens Style/Size"; Value = "RoundwithDomedTop,5mm,T-13/4"; VariantName = "[No Variations]"
Add component (AddParameter): Name = "Lens Type"; Value = "Clear"; VariantName = "[No Variations]"
Add component (AddParameter): Name = "Manufacturer"; Value = "Kingbright"; VariantName = "[No Variations]"
Add component (AddParameter): Name = "Manufacturer URL"; Value = "http://www.kingbright.com/"; VariantName = "[No Variations]"
Add component (AddParameter): Name = "Millicandela Rating"; Value = "1300mcdRed,1700mcdGreen,900mcdBlue"; VariantName = "[No Variations]"
Add component (AddParameter): Name = "Mounting Technology"; Value = "ThroughHole"; VariantName = "[No Variations]"
Add component (AddParameter): Name = "Mounting Type"; Value = "ThroughHole"; VariantName = "[No Variations]"
Add component (AddParameter): Name = "Online Catalog"; Value = "5mm,T-13/4(RGB)RoundwithDomedTopLEDLamp"; VariantName = "[No Variations]"
Add component (AddParameter): Name = "Other Names"; Value = "754-1615
WP154A4SUREQBFZGC-ND"; VariantName = "[No Variations]"
Add component (AddParameter): Name = "Package / Case"; Value = "Radial-4Leads"; VariantName = "[No Variations]"
Add component (AddParameter): Name = "Package Description"; Value = "4-Pin Through Hole LED, Dia 5.9 mm, Pitch 1.27 mm"; VariantName = "[No Variations]"
Add component (AddParameter): Name = "Package Reference"; Value = "WP154A4SUREQBFZGC"; VariantName = "[No Variations]"
Add component (AddParameter): Name = "Packaging"; Value = "Bulk"; VariantName = "[No Variations]"
Add component (AddParameter): Name = "Standard Package"; Value = "500"; VariantName = "[No Variations]"
Add component (AddParameter): Name = "Viewing Angle"; Value = "50°"; VariantName = "[No Variations]"
Add component (AddParameter): Name = "Voltage - Forward (Vf) (Typ)"; Value = "1.9VRed,3.3VGreen,3.3VBlue"; VariantName = "[No Variations]"
Add component (AddParameter): Name = "Wavelength - Dominant"; Value = "630nm,525nm,465nm"; VariantName = "[No Variations]"
Add component (AddParameter): Name = "Wavelength - Peak"; Value = "645nm,515nm,460nm"; VariantName = "[No Variations]"
Added Component: Designator=DS13(KING-WP154A4SUREQBFZGC_V)
Add component (AddParameter): Name = "3D Model"; Value = "WP154A4SUREQBFZGW.sldprt

WP154A4SUREQBFZGW.pro

WP154A4SUREQBFZGW.igs

WP154A4SUREQBFZGW.stp"; VariantName = "[No Variations]"
Add component (AddParameter): Name = "Category"; Value = "Optoelectronics"; VariantName = "[No Variations]"
Add component (AddParameter): Name = "Color"; Value = "Red,Green,Blue(RGB)"; VariantName = "[No Variations]"
Add component (AddParameter): Name = "Current - Test"; Value = "20mA"; VariantName = "[No Variations]"
Add component (AddParameter): Name = "Datasheet URL"; Value = "https://www.kingbrightusa.com/images/catalog/spec/WP154A4SUREQBFZGC.pdf"; VariantName = "[No Variations]"
Add component (AddParameter): Name = "Datasheet Version"; Value = "Rev. 5A, 08/2014"; VariantName = "[No Variations]"
Add component (AddParameter): Name = "Family"; Value = "LEDIndication-Discrete"; VariantName = "[No Variations]"
Add component (AddParameter): Name = "Height"; Value = "8.60mm"; VariantName = "[No Variations]"
Add component (AddParameter): Name = "Lens Style/Size"; Value = "RoundwithDomedTop,5mm,T-13/4"; VariantName = "[No Variations]"
Add component (AddParameter): Name = "Lens Type"; Value = "Clear"; VariantName = "[No Variations]"
Add component (AddParameter): Name = "Manufacturer"; Value = "Kingbright"; VariantName = "[No Variations]"
Add component (AddParameter): Name = "Manufacturer URL"; Value = "http://www.kingbright.com/"; VariantName = "[No Variations]"
Add component (AddParameter): Name = "Millicandela Rating"; Value = "1300mcdRed,1700mcdGreen,900mcdBlue"; VariantName = "[No Variations]"
Add component (AddParameter): Name = "Mounting Technology"; Value = "ThroughHole"; VariantName = "[No Variations]"
Add component (AddParameter): Name = "Mounting Type"; Value = "ThroughHole"; VariantName = "[No Variations]"
Add component (AddParameter): Name = "Online Catalog"; Value = "5mm,T-13/4(RGB)RoundwithDomedTopLEDLamp"; VariantName = "[No Variations]"
Add component (AddParameter): Name = "Other Names"; Value = "754-1615
WP154A4SUREQBFZGC-ND"; VariantName = "[No Variations]"
Add component (AddParameter): Name = "Package / Case"; Value = "Radial-4Leads"; VariantName = "[No Variations]"
Add component (AddParameter): Name = "Package Description"; Value = "4-Pin Through Hole LED, Dia 5.9 mm, Pitch 1.27 mm"; VariantName = "[No Variations]"
Add component (AddParameter): Name = "Package Reference"; Value = "WP154A4SUREQBFZGC"; VariantName = "[No Variations]"
Add component (AddParameter): Name = "Packaging"; Value = "Bulk"; VariantName = "[No Variations]"
Add component (AddParameter): Name = "Standard Package"; Value = "500"; VariantName = "[No Variations]"
Add component (AddParameter): Name = "Viewing Angle"; Value = "50°"; VariantName = "[No Variations]"
Add component (AddParameter): Name = "Voltage - Forward (Vf) (Typ)"; Value = "1.9VRed,3.3VGreen,3.3VBlue"; VariantName = "[No Variations]"
Add component (AddParameter): Name = "Wavelength - Dominant"; Value = "630nm,525nm,465nm"; VariantName = "[No Variations]"
Add component (AddParameter): Name = "Wavelength - Peak"; Value = "645nm,515nm,460nm"; VariantName = "[No Variations]"
Added Component: Designator=DS14(KING-WP154A4SUREQBFZGC_V)
Add component (AddParameter): Name = "3D Model"; Value = "WP154A4SUREQBFZGW.sldprt

WP154A4SUREQBFZGW.pro

WP154A4SUREQBFZGW.igs

WP154A4SUREQBFZGW.stp"; VariantName = "[No Variations]"
Add component (AddParameter): Name = "Category"; Value = "Optoelectronics"; VariantName = "[No Variations]"
Add component (AddParameter): Name = "Color"; Value = "Red,Green,Blue(RGB)"; VariantName = "[No Variations]"
Add component (AddParameter): Name = "Current - Test"; Value = "20mA"; VariantName = "[No Variations]"
Add component (AddParameter): Name = "Datasheet URL"; Value = "https://www.kingbrightusa.com/images/catalog/spec/WP154A4SUREQBFZGC.pdf"; VariantName = "[No Variations]"
Add component (AddParameter): Name = "Datasheet Version"; Value = "Rev. 5A, 08/2014"; VariantName = "[No Variations]"
Add component (AddParameter): Name = "Family"; Value = "LEDIndication-Discrete"; VariantName = "[No Variations]"
Add component (AddParameter): Name = "Height"; Value = "8.60mm"; VariantName = "[No Variations]"
Add component (AddParameter): Name = "Lens Style/Size"; Value = "RoundwithDomedTop,5mm,T-13/4"; VariantName = "[No Variations]"
Add component (AddParameter): Name = "Lens Type"; Value = "Clear"; VariantName = "[No Variations]"
Add component (AddParameter): Name = "Manufacturer"; Value = "Kingbright"; VariantName = "[No Variations]"
Add component (AddParameter): Name = "Manufacturer URL"; Value = "http://www.kingbright.com/"; VariantName = "[No Variations]"
Add component (AddParameter): Name = "Millicandela Rating"; Value = "1300mcdRed,1700mcdGreen,900mcdBlue"; VariantName = "[No Variations]"
Add component (AddParameter): Name = "Mounting Technology"; Value = "ThroughHole"; VariantName = "[No Variations]"
Add component (AddParameter): Name = "Mounting Type"; Value = "ThroughHole"; VariantName = "[No Variations]"
Add component (AddParameter): Name = "Online Catalog"; Value = "5mm,T-13/4(RGB)RoundwithDomedTopLEDLamp"; VariantName = "[No Variations]"
Add component (AddParameter): Name = "Other Names"; Value = "754-1615
WP154A4SUREQBFZGC-ND"; VariantName = "[No Variations]"
Add component (AddParameter): Name = "Package / Case"; Value = "Radial-4Leads"; VariantName = "[No Variations]"
Add component (AddParameter): Name = "Package Description"; Value = "4-Pin Through Hole LED, Dia 5.9 mm, Pitch 1.27 mm"; VariantName = "[No Variations]"
Add component (AddParameter): Name = "Package Reference"; Value = "WP154A4SUREQBFZGC"; VariantName = "[No Variations]"
Add component (AddParameter): Name = "Packaging"; Value = "Bulk"; VariantName = "[No Variations]"
Add component (AddParameter): Name = "Standard Package"; Value = "500"; VariantName = "[No Variations]"
Add component (AddParameter): Name = "Viewing Angle"; Value = "50°"; VariantName = "[No Variations]"
Add component (AddParameter): Name = "Voltage - Forward (Vf) (Typ)"; Value = "1.9VRed,3.3VGreen,3.3VBlue"; VariantName = "[No Variations]"
Add component (AddParameter): Name = "Wavelength - Dominant"; Value = "630nm,525nm,465nm"; VariantName = "[No Variations]"
Add component (AddParameter): Name = "Wavelength - Peak"; Value = "645nm,515nm,460nm"; VariantName = "[No Variations]"
Added Component: Designator=DS15(KING-WP154A4SUREQBFZGC_V)
Add component (AddParameter): Name = "3D Model"; Value = "WP154A4SUREQBFZGW.sldprt

WP154A4SUREQBFZGW.pro

WP154A4SUREQBFZGW.igs

WP154A4SUREQBFZGW.stp"; VariantName = "[No Variations]"
Add component (AddParameter): Name = "Category"; Value = "Optoelectronics"; VariantName = "[No Variations]"
Add component (AddParameter): Name = "Color"; Value = "Red,Green,Blue(RGB)"; VariantName = "[No Variations]"
Add component (AddParameter): Name = "Current - Test"; Value = "20mA"; VariantName = "[No Variations]"
Add component (AddParameter): Name = "Datasheet URL"; Value = "https://www.kingbrightusa.com/images/catalog/spec/WP154A4SUREQBFZGC.pdf"; VariantName = "[No Variations]"
Add component (AddParameter): Name = "Datasheet Version"; Value = "Rev. 5A, 08/2014"; VariantName = "[No Variations]"
Add component (AddParameter): Name = "Family"; Value = "LEDIndication-Discrete"; VariantName = "[No Variations]"
Add component (AddParameter): Name = "Height"; Value = "8.60mm"; VariantName = "[No Variations]"
Add component (AddParameter): Name = "Lens Style/Size"; Value = "RoundwithDomedTop,5mm,T-13/4"; VariantName = "[No Variations]"
Add component (AddParameter): Name = "Lens Type"; Value = "Clear"; VariantName = "[No Variations]"
Add component (AddParameter): Name = "Manufacturer"; Value = "Kingbright"; VariantName = "[No Variations]"
Add component (AddParameter): Name = "Manufacturer URL"; Value = "http://www.kingbright.com/"; VariantName = "[No Variations]"
Add component (AddParameter): Name = "Millicandela Rating"; Value = "1300mcdRed,1700mcdGreen,900mcdBlue"; VariantName = "[No Variations]"
Add component (AddParameter): Name = "Mounting Technology"; Value = "ThroughHole"; VariantName = "[No Variations]"
Add component (AddParameter): Name = "Mounting Type"; Value = "ThroughHole"; VariantName = "[No Variations]"
Add component (AddParameter): Name = "Online Catalog"; Value = "5mm,T-13/4(RGB)RoundwithDomedTopLEDLamp"; VariantName = "[No Variations]"
Add component (AddParameter): Name = "Other Names"; Value = "754-1615
WP154A4SUREQBFZGC-ND"; VariantName = "[No Variations]"
Add component (AddParameter): Name = "Package / Case"; Value = "Radial-4Leads"; VariantName = "[No Variations]"
Add component (AddParameter): Name = "Package Description"; Value = "4-Pin Through Hole LED, Dia 5.9 mm, Pitch 1.27 mm"; VariantName = "[No Variations]"
Add component (AddParameter): Name = "Package Reference"; Value = "WP154A4SUREQBFZGC"; VariantName = "[No Variations]"
Add component (AddParameter): Name = "Packaging"; Value = "Bulk"; VariantName = "[No Variations]"
Add component (AddParameter): Name = "Standard Package"; Value = "500"; VariantName = "[No Variations]"
Add component (AddParameter): Name = "Viewing Angle"; Value = "50°"; VariantName = "[No Variations]"
Add component (AddParameter): Name = "Voltage - Forward (Vf) (Typ)"; Value = "1.9VRed,3.3VGreen,3.3VBlue"; VariantName = "[No Variations]"
Add component (AddParameter): Name = "Wavelength - Dominant"; Value = "630nm,525nm,465nm"; VariantName = "[No Variations]"
Add component (AddParameter): Name = "Wavelength - Peak"; Value = "645nm,515nm,460nm"; VariantName = "[No Variations]"
Added Component: Designator=DS16(KING-WP154A4SUREQBFZGC_V)
Add component (AddParameter): Name = "3D Model"; Value = "WP154A4SUREQBFZGW.sldprt

WP154A4SUREQBFZGW.pro

WP154A4SUREQBFZGW.igs

WP154A4SUREQBFZGW.stp"; VariantName = "[No Variations]"
Add component (AddParameter): Name = "Category"; Value = "Optoelectronics"; VariantName = "[No Variations]"
Add component (AddParameter): Name = "Color"; Value = "Red,Green,Blue(RGB)"; VariantName = "[No Variations]"
Add component (AddParameter): Name = "Current - Test"; Value = "20mA"; VariantName = "[No Variations]"
Add component (AddParameter): Name = "Datasheet URL"; Value = "https://www.kingbrightusa.com/images/catalog/spec/WP154A4SUREQBFZGC.pdf"; VariantName = "[No Variations]"
Add component (AddParameter): Name = "Datasheet Version"; Value = "Rev. 5A, 08/2014"; VariantName = "[No Variations]"
Add component (AddParameter): Name = "Family"; Value = "LEDIndication-Discrete"; VariantName = "[No Variations]"
Add component (AddParameter): Name = "Height"; Value = "8.60mm"; VariantName = "[No Variations]"
Add component (AddParameter): Name = "Lens Style/Size"; Value = "RoundwithDomedTop,5mm,T-13/4"; VariantName = "[No Variations]"
Add component (AddParameter): Name = "Lens Type"; Value = "Clear"; VariantName = "[No Variations]"
Add component (AddParameter): Name = "Manufacturer"; Value = "Kingbright"; VariantName = "[No Variations]"
Add component (AddParameter): Name = "Manufacturer URL"; Value = "http://www.kingbright.com/"; VariantName = "[No Variations]"
Add component (AddParameter): Name = "Millicandela Rating"; Value = "1300mcdRed,1700mcdGreen,900mcdBlue"; VariantName = "[No Variations]"
Add component (AddParameter): Name = "Mounting Technology"; Value = "ThroughHole"; VariantName = "[No Variations]"
Add component (AddParameter): Name = "Mounting Type"; Value = "ThroughHole"; VariantName = "[No Variations]"
Add component (AddParameter): Name = "Online Catalog"; Value = "5mm,T-13/4(RGB)RoundwithDomedTopLEDLamp"; VariantName = "[No Variations]"
Add component (AddParameter): Name = "Other Names"; Value = "754-1615
WP154A4SUREQBFZGC-ND"; VariantName = "[No Variations]"
Add component (AddParameter): Name = "Package / Case"; Value = "Radial-4Leads"; VariantName = "[No Variations]"
Add component (AddParameter): Name = "Package Description"; Value = "4-Pin Through Hole LED, Dia 5.9 mm, Pitch 1.27 mm"; VariantName = "[No Variations]"
Add component (AddParameter): Name = "Package Reference"; Value = "WP154A4SUREQBFZGC"; VariantName = "[No Variations]"
Add component (AddParameter): Name = "Packaging"; Value = "Bulk"; VariantName = "[No Variations]"
Add component (AddParameter): Name = "Standard Package"; Value = "500"; VariantName = "[No Variations]"
Add component (AddParameter): Name = "Viewing Angle"; Value = "50°"; VariantName = "[No Variations]"
Add component (AddParameter): Name = "Voltage - Forward (Vf) (Typ)"; Value = "1.9VRed,3.3VGreen,3.3VBlue"; VariantName = "[No Variations]"
Add component (AddParameter): Name = "Wavelength - Dominant"; Value = "630nm,525nm,465nm"; VariantName = "[No Variations]"
Add component (AddParameter): Name = "Wavelength - Peak"; Value = "645nm,515nm,460nm"; VariantName = "[No Variations]"
Added Component: Designator=DS17(KING-WP154A4SUREQBFZGC_V)
Add component (AddParameter): Name = "3D Model"; Value = "WP154A4SUREQBFZGW.sldprt

WP154A4SUREQBFZGW.pro

WP154A4SUREQBFZGW.igs

WP154A4SUREQBFZGW.stp"; VariantName = "[No Variations]"
Add component (AddParameter): Name = "Category"; Value = "Optoelectronics"; VariantName = "[No Variations]"
Add component (AddParameter): Name = "Color"; Value = "Red,Green,Blue(RGB)"; VariantName = "[No Variations]"
Add component (AddParameter): Name = "Current - Test"; Value = "20mA"; VariantName = "[No Variations]"
Add component (AddParameter): Name = "Datasheet URL"; Value = "https://www.kingbrightusa.com/images/catalog/spec/WP154A4SUREQBFZGC.pdf"; VariantName = "[No Variations]"
Add component (AddParameter): Name = "Datasheet Version"; Value = "Rev. 5A, 08/2014"; VariantName = "[No Variations]"
Add component (AddParameter): Name = "Family"; Value = "LEDIndication-Discrete"; VariantName = "[No Variations]"
Add component (AddParameter): Name = "Height"; Value = "8.60mm"; VariantName = "[No Variations]"
Add component (AddParameter): Name = "Lens Style/Size"; Value = "RoundwithDomedTop,5mm,T-13/4"; VariantName = "[No Variations]"
Add component (AddParameter): Name = "Lens Type"; Value = "Clear"; VariantName = "[No Variations]"
Add component (AddParameter): Name = "Manufacturer"; Value = "Kingbright"; VariantName = "[No Variations]"
Add component (AddParameter): Name = "Manufacturer URL"; Value = "http://www.kingbright.com/"; VariantName = "[No Variations]"
Add component (AddParameter): Name = "Millicandela Rating"; Value = "1300mcdRed,1700mcdGreen,900mcdBlue"; VariantName = "[No Variations]"
Add component (AddParameter): Name = "Mounting Technology"; Value = "ThroughHole"; VariantName = "[No Variations]"
Add component (AddParameter): Name = "Mounting Type"; Value = "ThroughHole"; VariantName = "[No Variations]"
Add component (AddParameter): Name = "Online Catalog"; Value = "5mm,T-13/4(RGB)RoundwithDomedTopLEDLamp"; VariantName = "[No Variations]"
Add component (AddParameter): Name = "Other Names"; Value = "754-1615
WP154A4SUREQBFZGC-ND"; VariantName = "[No Variations]"
Add component (AddParameter): Name = "Package / Case"; Value = "Radial-4Leads"; VariantName = "[No Variations]"
Add component (AddParameter): Name = "Package Description"; Value = "4-Pin Through Hole LED, Dia 5.9 mm, Pitch 1.27 mm"; VariantName = "[No Variations]"
Add component (AddParameter): Name = "Package Reference"; Value = "WP154A4SUREQBFZGC"; VariantName = "[No Variations]"
Add component (AddParameter): Name = "Packaging"; Value = "Bulk"; VariantName = "[No Variations]"
Add component (AddParameter): Name = "Standard Package"; Value = "500"; VariantName = "[No Variations]"
Add component (AddParameter): Name = "Viewing Angle"; Value = "50°"; VariantName = "[No Variations]"
Add component (AddParameter): Name = "Voltage - Forward (Vf) (Typ)"; Value = "1.9VRed,3.3VGreen,3.3VBlue"; VariantName = "[No Variations]"
Add component (AddParameter): Name = "Wavelength - Dominant"; Value = "630nm,525nm,465nm"; VariantName = "[No Variations]"
Add component (AddParameter): Name = "Wavelength - Peak"; Value = "645nm,515nm,460nm"; VariantName = "[No Variations]"
Added Component: Designator=DS18(KING-WP154A4SUREQBFZGC_V)
Add component (AddParameter): Name = "3D Model"; Value = "WP154A4SUREQBFZGW.sldprt

WP154A4SUREQBFZGW.pro

WP154A4SUREQBFZGW.igs

WP154A4SUREQBFZGW.stp"; VariantName = "[No Variations]"
Add component (AddParameter): Name = "Category"; Value = "Optoelectronics"; VariantName = "[No Variations]"
Add component (AddParameter): Name = "Color"; Value = "Red,Green,Blue(RGB)"; VariantName = "[No Variations]"
Add component (AddParameter): Name = "Current - Test"; Value = "20mA"; VariantName = "[No Variations]"
Add component (AddParameter): Name = "Datasheet URL"; Value = "https://www.kingbrightusa.com/images/catalog/spec/WP154A4SUREQBFZGC.pdf"; VariantName = "[No Variations]"
Add component (AddParameter): Name = "Datasheet Version"; Value = "Rev. 5A, 08/2014"; VariantName = "[No Variations]"
Add component (AddParameter): Name = "Family"; Value = "LEDIndication-Discrete"; VariantName = "[No Variations]"
Add component (AddParameter): Name = "Height"; Value = "8.60mm"; VariantName = "[No Variations]"
Add component (AddParameter): Name = "Lens Style/Size"; Value = "RoundwithDomedTop,5mm,T-13/4"; VariantName = "[No Variations]"
Add component (AddParameter): Name = "Lens Type"; Value = "Clear"; VariantName = "[No Variations]"
Add component (AddParameter): Name = "Manufacturer"; Value = "Kingbright"; VariantName = "[No Variations]"
Add component (AddParameter): Name = "Manufacturer URL"; Value = "http://www.kingbright.com/"; VariantName = "[No Variations]"
Add component (AddParameter): Name = "Millicandela Rating"; Value = "1300mcdRed,1700mcdGreen,900mcdBlue"; VariantName = "[No Variations]"
Add component (AddParameter): Name = "Mounting Technology"; Value = "ThroughHole"; VariantName = "[No Variations]"
Add component (AddParameter): Name = "Mounting Type"; Value = "ThroughHole"; VariantName = "[No Variations]"
Add component (AddParameter): Name = "Online Catalog"; Value = "5mm,T-13/4(RGB)RoundwithDomedTopLEDLamp"; VariantName = "[No Variations]"
Add component (AddParameter): Name = "Other Names"; Value = "754-1615
WP154A4SUREQBFZGC-ND"; VariantName = "[No Variations]"
Add component (AddParameter): Name = "Package / Case"; Value = "Radial-4Leads"; VariantName = "[No Variations]"
Add component (AddParameter): Name = "Package Description"; Value = "4-Pin Through Hole LED, Dia 5.9 mm, Pitch 1.27 mm"; VariantName = "[No Variations]"
Add component (AddParameter): Name = "Package Reference"; Value = "WP154A4SUREQBFZGC"; VariantName = "[No Variations]"
Add component (AddParameter): Name = "Packaging"; Value = "Bulk"; VariantName = "[No Variations]"
Add component (AddParameter): Name = "Standard Package"; Value = "500"; VariantName = "[No Variations]"
Add component (AddParameter): Name = "Viewing Angle"; Value = "50°"; VariantName = "[No Variations]"
Add component (AddParameter): Name = "Voltage - Forward (Vf) (Typ)"; Value = "1.9VRed,3.3VGreen,3.3VBlue"; VariantName = "[No Variations]"
Add component (AddParameter): Name = "Wavelength - Dominant"; Value = "630nm,525nm,465nm"; VariantName = "[No Variations]"
Add component (AddParameter): Name = "Wavelength - Peak"; Value = "645nm,515nm,460nm"; VariantName = "[No Variations]"
Added Component: Designator=DS19(KING-WP154A4SUREQBFZGC_V)
Add component (AddParameter): Name = "3D Model"; Value = "WP154A4SUREQBFZGW.sldprt

WP154A4SUREQBFZGW.pro

WP154A4SUREQBFZGW.igs

WP154A4SUREQBFZGW.stp"; VariantName = "[No Variations]"
Add component (AddParameter): Name = "Category"; Value = "Optoelectronics"; VariantName = "[No Variations]"
Add component (AddParameter): Name = "Color"; Value = "Red,Green,Blue(RGB)"; VariantName = "[No Variations]"
Add component (AddParameter): Name = "Current - Test"; Value = "20mA"; VariantName = "[No Variations]"
Add component (AddParameter): Name = "Datasheet URL"; Value = "https://www.kingbrightusa.com/images/catalog/spec/WP154A4SUREQBFZGC.pdf"; VariantName = "[No Variations]"
Add component (AddParameter): Name = "Datasheet Version"; Value = "Rev. 5A, 08/2014"; VariantName = "[No Variations]"
Add component (AddParameter): Name = "Family"; Value = "LEDIndication-Discrete"; VariantName = "[No Variations]"
Add component (AddParameter): Name = "Height"; Value = "8.60mm"; VariantName = "[No Variations]"
Add component (AddParameter): Name = "Lens Style/Size"; Value = "RoundwithDomedTop,5mm,T-13/4"; VariantName = "[No Variations]"
Add component (AddParameter): Name = "Lens Type"; Value = "Clear"; VariantName = "[No Variations]"
Add component (AddParameter): Name = "Manufacturer"; Value = "Kingbright"; VariantName = "[No Variations]"
Add component (AddParameter): Name = "Manufacturer URL"; Value = "http://www.kingbright.com/"; VariantName = "[No Variations]"
Add component (AddParameter): Name = "Millicandela Rating"; Value = "1300mcdRed,1700mcdGreen,900mcdBlue"; VariantName = "[No Variations]"
Add component (AddParameter): Name = "Mounting Technology"; Value = "ThroughHole"; VariantName = "[No Variations]"
Add component (AddParameter): Name = "Mounting Type"; Value = "ThroughHole"; VariantName = "[No Variations]"
Add component (AddParameter): Name = "Online Catalog"; Value = "5mm,T-13/4(RGB)RoundwithDomedTopLEDLamp"; VariantName = "[No Variations]"
Add component (AddParameter): Name = "Other Names"; Value = "754-1615
WP154A4SUREQBFZGC-ND"; VariantName = "[No Variations]"
Add component (AddParameter): Name = "Package / Case"; Value = "Radial-4Leads"; VariantName = "[No Variations]"
Add component (AddParameter): Name = "Package Description"; Value = "4-Pin Through Hole LED, Dia 5.9 mm, Pitch 1.27 mm"; VariantName = "[No Variations]"
Add component (AddParameter): Name = "Package Reference"; Value = "WP154A4SUREQBFZGC"; VariantName = "[No Variations]"
Add component (AddParameter): Name = "Packaging"; Value = "Bulk"; VariantName = "[No Variations]"
Add component (AddParameter): Name = "Standard Package"; Value = "500"; VariantName = "[No Variations]"
Add component (AddParameter): Name = "Viewing Angle"; Value = "50°"; VariantName = "[No Variations]"
Add component (AddParameter): Name = "Voltage - Forward (Vf) (Typ)"; Value = "1.9VRed,3.3VGreen,3.3VBlue"; VariantName = "[No Variations]"
Add component (AddParameter): Name = "Wavelength - Dominant"; Value = "630nm,525nm,465nm"; VariantName = "[No Variations]"
Add component (AddParameter): Name = "Wavelength - Peak"; Value = "645nm,515nm,460nm"; VariantName = "[No Variations]"
Added Component: Designator=DS20(KING-WP154A4SUREQBFZGC_V)
Add component (AddParameter): Name = "3D Model"; Value = "WP154A4SUREQBFZGW.sldprt

WP154A4SUREQBFZGW.pro

WP154A4SUREQBFZGW.igs

WP154A4SUREQBFZGW.stp"; VariantName = "[No Variations]"
Add component (AddParameter): Name = "Category"; Value = "Optoelectronics"; VariantName = "[No Variations]"
Add component (AddParameter): Name = "Color"; Value = "Red,Green,Blue(RGB)"; VariantName = "[No Variations]"
Add component (AddParameter): Name = "Current - Test"; Value = "20mA"; VariantName = "[No Variations]"
Add component (AddParameter): Name = "Datasheet URL"; Value = "https://www.kingbrightusa.com/images/catalog/spec/WP154A4SUREQBFZGC.pdf"; VariantName = "[No Variations]"
Add component (AddParameter): Name = "Datasheet Version"; Value = "Rev. 5A, 08/2014"; VariantName = "[No Variations]"
Add component (AddParameter): Name = "Family"; Value = "LEDIndication-Discrete"; VariantName = "[No Variations]"
Add component (AddParameter): Name = "Height"; Value = "8.60mm"; VariantName = "[No Variations]"
Add component (AddParameter): Name = "Lens Style/Size"; Value = "RoundwithDomedTop,5mm,T-13/4"; VariantName = "[No Variations]"
Add component (AddParameter): Name = "Lens Type"; Value = "Clear"; VariantName = "[No Variations]"
Add component (AddParameter): Name = "Manufacturer"; Value = "Kingbright"; VariantName = "[No Variations]"
Add component (AddParameter): Name = "Manufacturer URL"; Value = "http://www.kingbright.com/"; VariantName = "[No Variations]"
Add component (AddParameter): Name = "Millicandela Rating"; Value = "1300mcdRed,1700mcdGreen,900mcdBlue"; VariantName = "[No Variations]"
Add component (AddParameter): Name = "Mounting Technology"; Value = "ThroughHole"; VariantName = "[No Variations]"
Add component (AddParameter): Name = "Mounting Type"; Value = "ThroughHole"; VariantName = "[No Variations]"
Add component (AddParameter): Name = "Online Catalog"; Value = "5mm,T-13/4(RGB)RoundwithDomedTopLEDLamp"; VariantName = "[No Variations]"
Add component (AddParameter): Name = "Other Names"; Value = "754-1615
WP154A4SUREQBFZGC-ND"; VariantName = "[No Variations]"
Add component (AddParameter): Name = "Package / Case"; Value = "Radial-4Leads"; VariantName = "[No Variations]"
Add component (AddParameter): Name = "Package Description"; Value = "4-Pin Through Hole LED, Dia 5.9 mm, Pitch 1.27 mm"; VariantName = "[No Variations]"
Add component (AddParameter): Name = "Package Reference"; Value = "WP154A4SUREQBFZGC"; VariantName = "[No Variations]"
Add component (AddParameter): Name = "Packaging"; Value = "Bulk"; VariantName = "[No Variations]"
Add component (AddParameter): Name = "Standard Package"; Value = "500"; VariantName = "[No Variations]"
Add component (AddParameter): Name = "Viewing Angle"; Value = "50°"; VariantName = "[No Variations]"
Add component (AddParameter): Name = "Voltage - Forward (Vf) (Typ)"; Value = "1.9VRed,3.3VGreen,3.3VBlue"; VariantName = "[No Variations]"
Add component (AddParameter): Name = "Wavelength - Dominant"; Value = "630nm,525nm,465nm"; VariantName = "[No Variations]"
Add component (AddParameter): Name = "Wavelength - Peak"; Value = "645nm,515nm,460nm"; VariantName = "[No Variations]"
Added Component: Designator=P1(HDR1X3)
Add component (AddParameter): Name = "LatestRevisionDate"; Value = "17-Jul-2002"; VariantName = "[No Variations]"
Add component (AddParameter): Name = "LatestRevisionNote"; Value = "Re-released for DXP Platform."; VariantName = "[No Variations]"
Add component (AddParameter): Name = "Publisher"; Value = "Altium Limited"; VariantName = "[No Variations]"
Added Pin To Net: NetName=NetDS1_1 Pin=DS1-1
Added Pin To Net: NetName=NetDS1_1 Pin=DS2-1
Added Pin To Net: NetName=NetDS1_1 Pin=DS3-1
Added Pin To Net: NetName=NetDS1_1 Pin=DS4-1
Added Pin To Net: NetName=NetDS1_1 Pin=DS5-1
Added Pin To Net: NetName=NetDS1_1 Pin=DS6-1
Added Pin To Net: NetName=NetDS1_1 Pin=DS7-1
Added Pin To Net: NetName=NetDS1_1 Pin=DS8-1
Added Pin To Net: NetName=NetDS1_1 Pin=DS9-1
Added Pin To Net: NetName=NetDS1_1 Pin=DS10-1
Added Pin To Net: NetName=NetDS1_1 Pin=DS11-1
Added Pin To Net: NetName=NetDS1_1 Pin=DS12-1
Added Pin To Net: NetName=NetDS1_1 Pin=DS13-1
Added Pin To Net: NetName=NetDS1_1 Pin=DS14-1
Added Pin To Net: NetName=NetDS1_1 Pin=DS15-1
Added Pin To Net: NetName=NetDS1_1 Pin=DS16-1
Added Pin To Net: NetName=NetDS1_1 Pin=DS17-1
Added Pin To Net: NetName=NetDS1_1 Pin=DS18-1
Added Pin To Net: NetName=NetDS1_1 Pin=DS19-1
Added Pin To Net: NetName=NetDS1_1 Pin=DS20-1
Added Pin To Net: NetName=NetDS1_1 Pin=P1-3
Added Net: Name=NetDS1_1
Added Pin To Net: NetName=NetDS1_2 Pin=DS1-2
Added Pin To Net: NetName=NetDS1_2 Pin=DS2-2
Added Pin To Net: NetName=NetDS1_2 Pin=DS3-2
Added Pin To Net: NetName=NetDS1_2 Pin=DS4-2
Added Pin To Net: NetName=NetDS1_2 Pin=DS5-2
Added Pin To Net: NetName=NetDS1_2 Pin=DS6-2
Added Pin To Net: NetName=NetDS1_2 Pin=DS7-2
Added Pin To Net: NetName=NetDS1_2 Pin=DS8-2
Added Pin To Net: NetName=NetDS1_2 Pin=DS9-2
Added Pin To Net: NetName=NetDS1_2 Pin=DS10-2
Added Pin To Net: NetName=NetDS1_2 Pin=DS11-2
Added Pin To Net: NetName=NetDS1_2 Pin=DS12-2
Added Pin To Net: NetName=NetDS1_2 Pin=DS13-2
Added Pin To Net: NetName=NetDS1_2 Pin=DS14-2
Added Pin To Net: NetName=NetDS1_2 Pin=DS15-2
Added Pin To Net: NetName=NetDS1_2 Pin=DS16-2
Added Pin To Net: NetName=NetDS1_2 Pin=DS17-2
Added Pin To Net: NetName=NetDS1_2 Pin=DS18-2
Added Pin To Net: NetName=NetDS1_2 Pin=DS19-2
Added Pin To Net: NetName=NetDS1_2 Pin=DS20-2
Added Pin To Net: NetName=NetDS1_2 Pin=P1-1
Added Net: Name=NetDS1_2
Added Pin To Net: NetName=NetDS1_4 Pin=DS1-4
Added Pin To Net: NetName=NetDS1_4 Pin=DS2-4
Added Pin To Net: NetName=NetDS1_4 Pin=DS3-4
Added Pin To Net: NetName=NetDS1_4 Pin=DS4-4
Added Pin To Net: NetName=NetDS1_4 Pin=DS5-4
Added Pin To Net: NetName=NetDS1_4 Pin=DS6-4
Added Pin To Net: NetName=NetDS1_4 Pin=DS7-4
Added Pin To Net: NetName=NetDS1_4 Pin=DS8-4
Added Pin To Net: NetName=NetDS1_4 Pin=DS9-4
Added Pin To Net: NetName=NetDS1_4 Pin=DS10-4
Added Pin To Net: NetName=NetDS1_4 Pin=DS11-4
Added Pin To Net: NetName=NetDS1_4 Pin=DS12-4
Added Pin To Net: NetName=NetDS1_4 Pin=DS13-4
Added Pin To Net: NetName=NetDS1_4 Pin=DS14-4
Added Pin To Net: NetName=NetDS1_4 Pin=DS15-4
Added Pin To Net: NetName=NetDS1_4 Pin=DS16-4
Added Pin To Net: NetName=NetDS1_4 Pin=DS17-4
Added Pin To Net: NetName=NetDS1_4 Pin=DS18-4
Added Pin To Net: NetName=NetDS1_4 Pin=DS19-4
Added Pin To Net: NetName=NetDS1_4 Pin=DS20-4
Added Pin To Net: NetName=NetDS1_4 Pin=P1-2
Added Net: Name=NetDS1_4
Added Class: Name=esquematico_tsal_mainhoop
